<?xml version="1.0" encoding="UTF-8"?>
<!-- Generated by org.testng.reporters.JUnitReportReporter -->
<testsuite skipped="0" hostname="Swanand" name="resources.HomePage" tests="1" failures="0" timestamp="08 Nov 2020 05:38:40 GMT" time="5.694" errors="0">
  <testcase name="basePageNavigation" time="5.694" classname="resources.HomePage"/>
</testsuite> <!-- resources.HomePage -->
