<?xml version="1.0" encoding="UTF-8"?>
<!-- Generated by org.testng.reporters.JUnitReportReporter -->
<testsuite skipped="0" hostname="Swanand" name="resources.CatalogueTab" tests="1" failures="0" timestamp="08 Nov 2020 05:38:40 GMT" time="6.777" errors="0">
  <testcase name="Catalogue" time="6.777" classname="resources.CatalogueTab"/>
</testsuite> <!-- resources.CatalogueTab -->
