<?xml version="1.0" encoding="UTF-8"?>
<!-- Generated by org.testng.reporters.JUnitReportReporter -->
<testsuite skipped="0" hostname="Swanand" name="resources.ValidateTitle" tests="1" failures="0" timestamp="08 Nov 2020 05:38:40 GMT" time="6.250" errors="0">
  <testcase name="titleofPage" time="6.250" classname="resources.ValidateTitle"/>
</testsuite> <!-- resources.ValidateTitle -->
